August 23, 2022, 5:48 am|/index.php?id=about|http://mysite.local/
August 23, 2022, 5:48 am|/index.php|http://mysite.local/index.php?id=about
August 23, 2022, 5:48 am|/index.php?id=info|http://mysite.local/index.php
August 23, 2022, 5:48 am|/index.php|http://mysite.local/index.php?id=info
August 23, 2022, 5:48 am|/index.php?id=log|http://mysite.local/index.php
August 23, 2022, 5:48 am|/index.php|http://mysite.local/index.php?id=log
August 23, 2022, 5:49 am|/index.php?id=log|http://mysite.local/index.php
August 23, 2022, 5:51 am|/index.php?id=log|http://mysite.local/index.php
August 25, 2022, 6:03 am|index|index.php?id=log
August 25, 2022, 6:03 am|contact|index.php
August 25, 2022, 6:03 am|info|index.php?id=contact
August 25, 2022, 6:03 am|log|index.php?id=info
August 25, 2022, 7:06 am|log|index.php?id=info
August 25, 2022, 7:07 am|index|index.php?id=log
August 25, 2022, 7:07 am|about|index.php
August 25, 2022, 7:07 am|log|index.php?id=about
August 25, 2022, 7:08 am|log|index.php?id=about
August 25, 2022, 7:08 am|log|index.php?id=about
August 25, 2022, 7:08 am|log|index.php?id=about
August 25, 2022, 7:08 am|index|index.php?id=log
August 25, 2022, 7:09 am|contact|index.php
August 25, 2022, 7:09 am|log|index.php?id=contact
August 25, 2022, 7:09 am|log|index.php?id=contact
August 25, 2022, 7:09 am|log|index.php?id=contact
August 25, 2022, 7:09 am|index|index.php?id=log
August 25, 2022, 7:09 am|about|index.php
August 25, 2022, 7:10 am|log|index.php?id=about
August 25, 2022, 7:11 am|log|index.php?id=about
August 25, 2022, 7:12 am|log|index.php?id=about
August 25, 2022, 7:14 am|log|index.php?id=about
August 25, 2022, 7:14 am|index|
August 25, 2022, 7:14 am|log|mysite.local
August 25, 2022, 7:14 am|log|mysite.local
August 25, 2022, 7:15 am|log|mysite.local
August 25, 2022, 7:15 am|log|mysite.local
August 25, 2022, 7:16 am|log|mysite.local
August 25, 2022, 7:17 am|index|
August 25, 2022, 7:17 am|log|mysite.local
August 25, 2022, 7:17 am|log|mysite.local
August 25, 2022, 7:17 am|info|index.php?id=log
August 25, 2022, 7:17 am|gbook|index.php?id=info
August 25, 2022, 7:17 am|log|index.php?id=gbook
August 25, 2022, 7:18 am|log|index.php?id=gbook
August 25, 2022, 7:19 am|index|index.php?id=log
August 28, 2022, 10:22 am|index|index.php?id=log
August 28, 2022, 10:23 am|index|index.php?id=log
August 28, 2022, 10:23 am|index|index.php?id=log
August 28, 2022, 10:23 am|index|index.php?id=log
August 28, 2022, 10:24 am|index|index.php?id=log
August 28, 2022, 10:24 am|index|index.php?id=log
August 28, 2022, 10:25 am|index|index.php?id=log
August 28, 2022, 10:25 am|index|index.php?id=log
August 28, 2022, 10:26 am|index|index.php?id=log
August 28, 2022, 10:26 am|index|index.php?id=log
August 28, 2022, 10:26 am|log|mysite.local
August 28, 2022, 10:26 am|index|index.php?id=log
August 28, 2022, 10:29 am|log|mysite.local
August 28, 2022, 10:29 am|index|index.php?id=log
October 10, 2022, 10:02 pm|index|
